This file contains any messages produced by compilers while
running configure, to aid debugging if configure makes a mistake.

It was created by EOS configure 0.0, which was
generated by GNU Autoconf 2.63.  Invocation command line was

  $ ./configure --without-pmc --with-minuit2=/cvmfs/lhcb.cern.ch/lib/lcg/releases/LCG_74root6/ROOT/6.02.05/x86_64-slc6-gcc48-opt --with-hdf5=/usr/lib64/openmpi/

## --------- ##
## Platform. ##
## --------- ##

hostname = alex-desktop
uname -m = x86_64
uname -r = 2.6.32-504.8.1.el6.x86_64
uname -s = Linux
uname -v = #1 SMP Tue Jan 27 13:39:10 CST 2015

/usr/bin/uname -p = unknown
/bin/uname -X     = unknown

/bin/arch              = x86_64
/usr/bin/arch -k       = unknown
/usr/convex/getsysinfo = unknown
/usr/bin/hostinfo      = unknown
/bin/machine           = unknown
/usr/bin/oslevel       = unknown
/bin/universe          = unknown

PATH: /cvmfs/lhcb.cern.ch/lib/lcg/releases/LCG_74root6/pytools/1.8_python2.7/x86_64-slc6-gcc48-opt/bin
PATH: /cvmfs/lhcb.cern.ch/lib/lcg/releases/LCG_74root6/mysql/5.5.27/x86_64-slc6-gcc48-opt/bin
PATH: /cvmfs/lhcb.cern.ch/lib/lcg/releases/LCG_74root6/pyanalysis/1.4_python2.7/x86_64-slc6-gcc48-opt/bin
PATH: /cvmfs/lhcb.cern.ch/lib/lcg/releases/LCG_74root6/ROOT/6.02.05/x86_64-slc6-gcc48-opt/bin
PATH: /cvmfs/lhcb.cern.ch/lib/lcg/releases/LCG_74root6/xrootd/3.3.6/x86_64-slc6-gcc48-opt/bin
PATH: /cvmfs/lhcb.cern.ch/lib/lcg/releases/LCG_74root6/Python/2.7.9/x86_64-slc6-gcc48-opt/bin
PATH: /cvmfs/lhcb.cern.ch/lib/lcg/releases/LCG_74root6/gccxml/0.9.0_20131026/x86_64-slc6-gcc48-opt/bin
PATH: /cvmfs/lhcb.cern.ch/lib/lhcb/COMPAT/COMPAT_v1r19/CompatSys/x86_64-slc6-gcc48-opt/bin
PATH: /cvmfs/lhcb.cern.ch/lib/contrib/CMT/v1r20p20090520/Linux-x86_64
PATH: /cvmfs/lhcb.cern.ch/lib/lhcb/LBSCRIPTS/LBSCRIPTS_v8r3/InstallArea/scripts
PATH: /cvmfs/lhcb.cern.ch/lib/contrib/CMake/2.8.9/Linux-i386/bin
PATH: /cvmfs/lhcb.cern.ch/lib/lcg/releases/LCG_74root6/gcc/4.8.1/x86_64-slc6/bin
PATH: /usr/lib64/qt-3.3/bin
PATH: /usr/kerberos/bin
PATH: /usr/local/bin
PATH: /usr/bin
PATH: /bin
PATH: /usr/sbin
PATH: /sbin


## ----------- ##
## Core tests. ##
## ----------- ##

configure:2093: checking for a BSD-compatible install
configure:2161: result: /usr/bin/install -c
configure:2172: checking whether build environment is sane
configure:2232: result: yes
configure:2373: checking for a thread-safe mkdir -p
configure:2412: result: /bin/mkdir -p
configure:2425: checking for gawk
configure:2441: found /usr/bin/gawk
configure:2452: result: gawk
configure:2463: checking whether make sets $(MAKE)
configure:2485: result: yes
configure:2632: checking for g++
configure:2648: found /cvmfs/lhcb.cern.ch/lib/lcg/releases/LCG_74root6/gcc/4.8.1/x86_64-slc6/bin/g++
configure:2659: result: g++
configure:2686: checking for C++ compiler version
configure:2694: g++ --version >&5
g++ (GCC) 4.8.1
Copyright (C) 2013 Free Software Foundation, Inc.
This is free software; see the source for copying conditions.  There is NO
warranty; not even for MERCHANTABILITY or FITNESS FOR A PARTICULAR PURPOSE.

configure:2698: $? = 0
configure:2705: g++ -v >&5
Using built-in specs.
COLLECT_GCC=g++
COLLECT_LTO_WRAPPER=/cvmfs/lhcb.cern.ch/lib/lcg/releases/gcc/4.8.1/x86_64-slc6/bin/../libexec/gcc/x86_64-unknown-linux-gnu/4.8.1/lto-wrapper
Target: x86_64-unknown-linux-gnu
Configured with: /build/vdiez/gcc-4.8.1/configure --prefix=/build/vdiez/gcc-4.8.1-installation --with-mpfr=/afs/cern.ch/sw/lcg/external/mpfr/3.1.2/x86_64-slc6-gcc48-opt --with-gmp=/afs/cern.ch/sw/lcg/external/gmp/5.1.1/x86_64-slc6-gcc48-opt --with-mpc=/afs/cern.ch/sw/lcg/external/mpc/1.0.1/x86_64-slc6-gcc48-opt --enable-libstdcxx-time --enable-lto --with-isl=/afs/cern.ch/sw/lcg/external/isl/0.11.1/x86_64-slc6-gcc48-opt --with-cloog=/afs/cern.ch/sw/lcg/external/cloog/0.18.0/x86_64-slc6-gcc48-opt --enable-languages=c,c++,fortran,go
Thread model: posix
gcc version 4.8.1 (GCC) 
configure:2709: $? = 0
configure:2716: g++ -V >&5
g++: error: unrecognized command line option '-V'
g++: fatal error: no input files
compilation terminated.
configure:2720: $? = 1
configure:2743: checking for C++ compiler default output file name
configure:2765: g++   -L/cvmfs/lhcb.cern.ch/lib/lcg/releases/LCG_74root6/ROOT/6.02.05/x86_64-slc6-gcc48-opt/lib -lCore -lRIO -lNet -lHist -lGraf -lGraf3d -lGpad -lTree -lRint -lPostscript -lMatrix -lPhysics -lMathCore -lThread -pthread -lm -ldl -rdynamic conftest.cpp  >&5
configure:2769: $? = 0
configure:2807: result: a.out
configure:2826: checking whether the C++ compiler works
configure:2836: ./a.out
configure:2840: $? = 0
configure:2859: result: yes
configure:2866: checking whether we are cross compiling
configure:2868: result: no
configure:2871: checking for suffix of executables
configure:2878: g++ -o conftest   -L/cvmfs/lhcb.cern.ch/lib/lcg/releases/LCG_74root6/ROOT/6.02.05/x86_64-slc6-gcc48-opt/lib -lCore -lRIO -lNet -lHist -lGraf -lGraf3d -lGpad -lTree -lRint -lPostscript -lMatrix -lPhysics -lMathCore -lThread -pthread -lm -ldl -rdynamic conftest.cpp  >&5
configure:2882: $? = 0
configure:2908: result: 
configure:2914: checking for suffix of object files
configure:2940: g++ -c   conftest.cpp >&5
configure:2944: $? = 0
configure:2969: result: o
configure:2973: checking whether we are using the GNU C++ compiler
configure:3002: g++ -c   conftest.cpp >&5
configure:3009: $? = 0
configure:3026: result: yes
configure:3035: checking whether g++ accepts -g
configure:3065: g++ -c -g  conftest.cpp >&5
configure:3072: $? = 0
configure:3173: result: yes
configure:3207: checking for style of include used by make
configure:3235: result: GNU
configure:3260: checking dependency style of g++
configure:3370: result: gcc3
configure:3399: checking for a BSD-compatible install
configure:3467: result: /usr/bin/install -c
configure:3478: checking whether ln -s works
configure:3482: result: yes
configure:3520: checking build system type
configure:3538: result: x86_64-unknown-linux-gnu
configure:3560: checking host system type
configure:3575: result: x86_64-unknown-linux-gnu
configure:3645: checking for gcc
configure:3661: found /cvmfs/lhcb.cern.ch/lib/lcg/releases/LCG_74root6/gcc/4.8.1/x86_64-slc6/bin/gcc
configure:3672: result: gcc
configure:3904: checking for C compiler version
configure:3912: gcc --version >&5
gcc (GCC) 4.8.1
Copyright (C) 2013 Free Software Foundation, Inc.
This is free software; see the source for copying conditions.  There is NO
warranty; not even for MERCHANTABILITY or FITNESS FOR A PARTICULAR PURPOSE.

configure:3916: $? = 0
configure:3923: gcc -v >&5
Using built-in specs.
COLLECT_GCC=gcc
COLLECT_LTO_WRAPPER=/cvmfs/lhcb.cern.ch/lib/lcg/releases/gcc/4.8.1/x86_64-slc6/bin/../libexec/gcc/x86_64-unknown-linux-gnu/4.8.1/lto-wrapper
Target: x86_64-unknown-linux-gnu
Configured with: /build/vdiez/gcc-4.8.1/configure --prefix=/build/vdiez/gcc-4.8.1-installation --with-mpfr=/afs/cern.ch/sw/lcg/external/mpfr/3.1.2/x86_64-slc6-gcc48-opt --with-gmp=/afs/cern.ch/sw/lcg/external/gmp/5.1.1/x86_64-slc6-gcc48-opt --with-mpc=/afs/cern.ch/sw/lcg/external/mpc/1.0.1/x86_64-slc6-gcc48-opt --enable-libstdcxx-time --enable-lto --with-isl=/afs/cern.ch/sw/lcg/external/isl/0.11.1/x86_64-slc6-gcc48-opt --with-cloog=/afs/cern.ch/sw/lcg/external/cloog/0.18.0/x86_64-slc6-gcc48-opt --enable-languages=c,c++,fortran,go
Thread model: posix
gcc version 4.8.1 (GCC) 
configure:3927: $? = 0
configure:3934: gcc -V >&5
gcc: error: unrecognized command line option '-V'
gcc: fatal error: no input files
compilation terminated.
configure:3938: $? = 1
configure:3941: checking whether we are using the GNU C compiler
configure:3970: gcc -c -pthread -std=c++11 -Wno-deprecated-declarations -m64 -I/cvmfs/lhcb.cern.ch/lib/lcg/releases/LCG_74root6/ROOT/6.02.05/x86_64-slc6-gcc48-opt/include  conftest.c >&5
cc1: warning: command line option '-std=c++11' is valid for C++/ObjC++ but not for C [enabled by default]
configure:3977: $? = 0
configure:3994: result: yes
configure:4003: checking whether gcc accepts -g
configure:4033: gcc -c -g  conftest.c >&5
configure:4040: $? = 0
configure:4141: result: yes
configure:4158: checking for gcc option to accept ISO C89
configure:4232: gcc  -c -pthread -std=c++11 -Wno-deprecated-declarations -m64 -I/cvmfs/lhcb.cern.ch/lib/lcg/releases/LCG_74root6/ROOT/6.02.05/x86_64-slc6-gcc48-opt/include  conftest.c >&5
cc1: warning: command line option '-std=c++11' is valid for C++/ObjC++ but not for C [enabled by default]
configure:4239: $? = 0
configure:4262: result: none needed
configure:4282: checking dependency style of gcc
configure:4392: result: gcc3
configure:4407: checking for a sed that does not truncate output
configure:4473: result: /bin/sed
configure:4491: checking for grep that handles long lines and -e
configure:4551: result: /bin/grep
configure:4556: checking for egrep
configure:4620: result: /bin/grep -E
configure:4625: checking for fgrep
configure:4689: result: /bin/grep -F
configure:4724: checking for ld used by gcc
configure:4791: result: /usr/bin/ld
configure:4800: checking if the linker (/usr/bin/ld) is GNU ld
configure:4815: result: yes
configure:4827: checking for BSD- or MS-compatible name lister (nm)
configure:4876: result: /usr/bin/nm -B
configure:4994: checking the name lister (/usr/bin/nm -B) interface
configure:5001: g++ -c   conftest.cpp >&5
configure:5004: /usr/bin/nm -B "conftest.o"
configure:5007: output
0000000000000000 B some_variable
configure:5014: result: BSD nm
configure:5018: checking the maximum length of command line arguments
configure:5138: result: 1966080
configure:5155: checking whether the shell understands some XSI constructs
configure:5165: result: yes
configure:5169: checking whether the shell understands "+="
configure:5175: result: yes
configure:5210: checking for /usr/bin/ld option to reload object files
configure:5217: result: -r
configure:5286: checking for objdump
configure:5302: found /usr/bin/objdump
configure:5313: result: objdump
configure:5345: checking how to recognize dependent libraries
configure:5541: result: pass_all
configure:5601: checking for ar
configure:5617: found /usr/bin/ar
configure:5628: result: ar
configure:5706: checking for strip
configure:5722: found /usr/bin/strip
configure:5733: result: strip
configure:5805: checking for ranlib
configure:5821: found /usr/bin/ranlib
configure:5832: result: ranlib
configure:5922: checking command to parse /usr/bin/nm -B output from gcc object
configure:6040: g++ -c   conftest.cpp >&5
configure:6043: $? = 0
configure:6047: /usr/bin/nm -B conftest.o \| sed -n -e 's/^.*[	 ]\([ABCDGIRSTW][ABCDGIRSTW]*\)[	 ][	 ]*\([_A-Za-z][_A-Za-z0-9]*\)$/\1 \2 \2/p' \> conftest.nm
configure:6050: $? = 0
configure:6104: g++ -o conftest   -L/cvmfs/lhcb.cern.ch/lib/lcg/releases/LCG_74root6/ROOT/6.02.05/x86_64-slc6-gcc48-opt/lib -lCore -lRIO -lNet -lHist -lGraf -lGraf3d -lGpad -lTree -lRint -lPostscript -lMatrix -lPhysics -lMathCore -lThread -pthread -lm -ldl -rdynamic conftest.cpp conftstm.o >&5
configure:6107: $? = 0
configure:6145: result: ok
configure:6241: g++ -c   conftest.cpp >&5
configure:6244: $? = 0
configure:7012: checking how to run the C preprocessor
configure:7052: gcc -E  conftest.c
configure:7059: $? = 0
configure:7090: gcc -E  conftest.c
conftest.c:10:28: fatal error: ac_nonexistent.h: No such file or directory
 #include <ac_nonexistent.h>
                            ^
compilation terminated.
configure:7097: $? = 1
configure: failed program was:
| /* confdefs.h.  */
| #define PACKAGE_NAME "EOS"
| #define PACKAGE_TARNAME "eos"
| #define PACKAGE_VERSION "0.0"
| #define PACKAGE_STRING "EOS 0.0"
| #define PACKAGE_BUGREPORT ""
| #define PACKAGE "eos"
| #define VERSION "0.0"
| /* end confdefs.h.  */
| #include <ac_nonexistent.h>
configure:7130: result: gcc -E
configure:7159: gcc -E  conftest.c
configure:7166: $? = 0
configure:7197: gcc -E  conftest.c
conftest.c:10:28: fatal error: ac_nonexistent.h: No such file or directory
 #include <ac_nonexistent.h>
                            ^
compilation terminated.
configure:7204: $? = 1
configure: failed program was:
| /* confdefs.h.  */
| #define PACKAGE_NAME "EOS"
| #define PACKAGE_TARNAME "eos"
| #define PACKAGE_VERSION "0.0"
| #define PACKAGE_STRING "EOS 0.0"
| #define PACKAGE_BUGREPORT ""
| #define PACKAGE "eos"
| #define VERSION "0.0"
| /* end confdefs.h.  */
| #include <ac_nonexistent.h>
configure:7244: checking for ANSI C header files
configure:7274: gcc -c -pthread -std=c++11 -Wno-deprecated-declarations -m64 -I/cvmfs/lhcb.cern.ch/lib/lcg/releases/LCG_74root6/ROOT/6.02.05/x86_64-slc6-gcc48-opt/include  conftest.c >&5
cc1: warning: command line option '-std=c++11' is valid for C++/ObjC++ but not for C [enabled by default]
configure:7281: $? = 0
configure:7380: gcc -o conftest -pthread -std=c++11 -Wno-deprecated-declarations -m64 -I/cvmfs/lhcb.cern.ch/lib/lcg/releases/LCG_74root6/ROOT/6.02.05/x86_64-slc6-gcc48-opt/include  -L/cvmfs/lhcb.cern.ch/lib/lcg/releases/LCG_74root6/ROOT/6.02.05/x86_64-slc6-gcc48-opt/lib -lCore -lRIO -lNet -lHist -lGraf -lGraf3d -lGpad -lTree -lRint -lPostscript -lMatrix -lPhysics -lMathCore -lThread -pthread -lm -ldl -rdynamic conftest.c  >&5
cc1: warning: command line option '-std=c++11' is valid for C++/ObjC++ but not for C [enabled by default]
configure:7384: $? = 0
configure:7390: ./conftest
configure:7394: $? = 0
configure:7412: result: yes
configure:7436: checking for sys/types.h
configure:7457: gcc -c -pthread -std=c++11 -Wno-deprecated-declarations -m64 -I/cvmfs/lhcb.cern.ch/lib/lcg/releases/LCG_74root6/ROOT/6.02.05/x86_64-slc6-gcc48-opt/include  conftest.c >&5
cc1: warning: command line option '-std=c++11' is valid for C++/ObjC++ but not for C [enabled by default]
configure:7464: $? = 0
configure:7481: result: yes
configure:7436: checking for sys/stat.h
configure:7457: gcc -c -pthread -std=c++11 -Wno-deprecated-declarations -m64 -I/cvmfs/lhcb.cern.ch/lib/lcg/releases/LCG_74root6/ROOT/6.02.05/x86_64-slc6-gcc48-opt/include  conftest.c >&5
cc1: warning: command line option '-std=c++11' is valid for C++/ObjC++ but not for C [enabled by default]
configure:7464: $? = 0
configure:7481: result: yes
configure:7436: checking for stdlib.h
configure:7457: gcc -c -pthread -std=c++11 -Wno-deprecated-declarations -m64 -I/cvmfs/lhcb.cern.ch/lib/lcg/releases/LCG_74root6/ROOT/6.02.05/x86_64-slc6-gcc48-opt/include  conftest.c >&5
cc1: warning: command line option '-std=c++11' is valid for C++/ObjC++ but not for C [enabled by default]
configure:7464: $? = 0
configure:7481: result: yes
configure:7436: checking for string.h
configure:7457: gcc -c -pthread -std=c++11 -Wno-deprecated-declarations -m64 -I/cvmfs/lhcb.cern.ch/lib/lcg/releases/LCG_74root6/ROOT/6.02.05/x86_64-slc6-gcc48-opt/include  conftest.c >&5
cc1: warning: command line option '-std=c++11' is valid for C++/ObjC++ but not for C [enabled by default]
configure:7464: $? = 0
configure:7481: result: yes
configure:7436: checking for memory.h
configure:7457: gcc -c -pthread -std=c++11 -Wno-deprecated-declarations -m64 -I/cvmfs/lhcb.cern.ch/lib/lcg/releases/LCG_74root6/ROOT/6.02.05/x86_64-slc6-gcc48-opt/include  conftest.c >&5
cc1: warning: command line option '-std=c++11' is valid for C++/ObjC++ but not for C [enabled by default]
configure:7464: $? = 0
configure:7481: result: yes
configure:7436: checking for strings.h
configure:7457: gcc -c -pthread -std=c++11 -Wno-deprecated-declarations -m64 -I/cvmfs/lhcb.cern.ch/lib/lcg/releases/LCG_74root6/ROOT/6.02.05/x86_64-slc6-gcc48-opt/include  conftest.c >&5
cc1: warning: command line option '-std=c++11' is valid for C++/ObjC++ but not for C [enabled by default]
configure:7464: $? = 0
configure:7481: result: yes
configure:7436: checking for inttypes.h
configure:7457: gcc -c -pthread -std=c++11 -Wno-deprecated-declarations -m64 -I/cvmfs/lhcb.cern.ch/lib/lcg/releases/LCG_74root6/ROOT/6.02.05/x86_64-slc6-gcc48-opt/include  conftest.c >&5
cc1: warning: command line option '-std=c++11' is valid for C++/ObjC++ but not for C [enabled by default]
configure:7464: $? = 0
configure:7481: result: yes
configure:7436: checking for stdint.h
configure:7457: gcc -c -pthread -std=c++11 -Wno-deprecated-declarations -m64 -I/cvmfs/lhcb.cern.ch/lib/lcg/releases/LCG_74root6/ROOT/6.02.05/x86_64-slc6-gcc48-opt/include  conftest.c >&5
cc1: warning: command line option '-std=c++11' is valid for C++/ObjC++ but not for C [enabled by default]
configure:7464: $? = 0
configure:7481: result: yes
configure:7436: checking for unistd.h
configure:7457: gcc -c -pthread -std=c++11 -Wno-deprecated-declarations -m64 -I/cvmfs/lhcb.cern.ch/lib/lcg/releases/LCG_74root6/ROOT/6.02.05/x86_64-slc6-gcc48-opt/include  conftest.c >&5
cc1: warning: command line option '-std=c++11' is valid for C++/ObjC++ but not for C [enabled by default]
configure:7464: $? = 0
configure:7481: result: yes
configure:7499: checking for dlfcn.h
configure:7520: gcc -c -pthread -std=c++11 -Wno-deprecated-declarations -m64 -I/cvmfs/lhcb.cern.ch/lib/lcg/releases/LCG_74root6/ROOT/6.02.05/x86_64-slc6-gcc48-opt/include  conftest.c >&5
cc1: warning: command line option '-std=c++11' is valid for C++/ObjC++ but not for C [enabled by default]
configure:7527: $? = 0
configure:7544: result: yes
configure:7671: checking for C++ compiler version
configure:7679: g++ --version >&5
g++ (GCC) 4.8.1
Copyright (C) 2013 Free Software Foundation, Inc.
This is free software; see the source for copying conditions.  There is NO
warranty; not even for MERCHANTABILITY or FITNESS FOR A PARTICULAR PURPOSE.

configure:7683: $? = 0
configure:7690: g++ -v >&5
Using built-in specs.
COLLECT_GCC=g++
COLLECT_LTO_WRAPPER=/cvmfs/lhcb.cern.ch/lib/lcg/releases/gcc/4.8.1/x86_64-slc6/bin/../libexec/gcc/x86_64-unknown-linux-gnu/4.8.1/lto-wrapper
Target: x86_64-unknown-linux-gnu
Configured with: /build/vdiez/gcc-4.8.1/configure --prefix=/build/vdiez/gcc-4.8.1-installation --with-mpfr=/afs/cern.ch/sw/lcg/external/mpfr/3.1.2/x86_64-slc6-gcc48-opt --with-gmp=/afs/cern.ch/sw/lcg/external/gmp/5.1.1/x86_64-slc6-gcc48-opt --with-mpc=/afs/cern.ch/sw/lcg/external/mpc/1.0.1/x86_64-slc6-gcc48-opt --enable-libstdcxx-time --enable-lto --with-isl=/afs/cern.ch/sw/lcg/external/isl/0.11.1/x86_64-slc6-gcc48-opt --with-cloog=/afs/cern.ch/sw/lcg/external/cloog/0.18.0/x86_64-slc6-gcc48-opt --enable-languages=c,c++,fortran,go
Thread model: posix
gcc version 4.8.1 (GCC) 
configure:7694: $? = 0
configure:7701: g++ -V >&5
g++: error: unrecognized command line option '-V'
g++: fatal error: no input files
compilation terminated.
configure:7705: $? = 1
configure:7708: checking whether we are using the GNU C++ compiler
configure:7761: result: yes
configure:7770: checking whether g++ accepts -g
configure:7908: result: yes
configure:7933: checking dependency style of g++
configure:8043: result: gcc3
configure:8066: checking how to run the C++ preprocessor
configure:8102: g++ -E  conftest.cpp
configure:8109: $? = 0
configure:8140: g++ -E  conftest.cpp
conftest.cpp:21:28: fatal error: ac_nonexistent.h: No such file or directory
 #include <ac_nonexistent.h>
                            ^
compilation terminated.
configure:8147: $? = 1
configure: failed program was:
| /* confdefs.h.  */
| #define PACKAGE_NAME "EOS"
| #define PACKAGE_TARNAME "eos"
| #define PACKAGE_VERSION "0.0"
| #define PACKAGE_STRING "EOS 0.0"
| #define PACKAGE_BUGREPORT ""
| #define PACKAGE "eos"
| #define VERSION "0.0"
| #define STDC_HEADERS 1
| #define HAVE_SYS_TYPES_H 1
| #define HAVE_SYS_STAT_H 1
| #define HAVE_STDLIB_H 1
| #define HAVE_STRING_H 1
| #define HAVE_MEMORY_H 1
| #define HAVE_STRINGS_H 1
| #define HAVE_INTTYPES_H 1
| #define HAVE_STDINT_H 1
| #define HAVE_UNISTD_H 1
| #define HAVE_DLFCN_H 1
| /* end confdefs.h.  */
| #include <ac_nonexistent.h>
configure:8180: result: g++ -E
configure:8209: g++ -E  conftest.cpp
configure:8216: $? = 0
configure:8247: g++ -E  conftest.cpp
conftest.cpp:21:28: fatal error: ac_nonexistent.h: No such file or directory
 #include <ac_nonexistent.h>
                            ^
compilation terminated.
configure:8254: $? = 1
configure: failed program was:
| /* confdefs.h.  */
| #define PACKAGE_NAME "EOS"
| #define PACKAGE_TARNAME "eos"
| #define PACKAGE_VERSION "0.0"
| #define PACKAGE_STRING "EOS 0.0"
| #define PACKAGE_BUGREPORT ""
| #define PACKAGE "eos"
| #define VERSION "0.0"
| #define STDC_HEADERS 1
| #define HAVE_SYS_TYPES_H 1
| #define HAVE_SYS_STAT_H 1
| #define HAVE_STDLIB_H 1
| #define HAVE_STRING_H 1
| #define HAVE_MEMORY_H 1
| #define HAVE_STRINGS_H 1
| #define HAVE_INTTYPES_H 1
| #define HAVE_STDINT_H 1
| #define HAVE_UNISTD_H 1
| #define HAVE_DLFCN_H 1
| /* end confdefs.h.  */
| #include <ac_nonexistent.h>
configure:8468: checking for objdir
configure:8483: result: .libs
configure:8775: checking if gcc supports -fno-rtti -fno-exceptions
configure:8793: gcc -c -pthread -std=c++11 -Wno-deprecated-declarations -m64 -I/cvmfs/lhcb.cern.ch/lib/lcg/releases/LCG_74root6/ROOT/6.02.05/x86_64-slc6-gcc48-opt/include  -fno-rtti -fno-exceptions conftest.c >&5
cc1: warning: command line option '-std=c++11' is valid for C++/ObjC++ but not for C [enabled by default]
cc1: warning: command line option '-fno-rtti' is valid for C++/ObjC++ but not for C [enabled by default]
configure:8797: $? = 0
configure:8810: result: no
configure:8830: checking for gcc option to produce PIC
configure:9102: result: -fPIC -DPIC
configure:9114: checking if gcc PIC flag -fPIC -DPIC works
configure:9132: gcc -c -pthread -std=c++11 -Wno-deprecated-declarations -m64 -I/cvmfs/lhcb.cern.ch/lib/lcg/releases/LCG_74root6/ROOT/6.02.05/x86_64-slc6-gcc48-opt/include  -fPIC -DPIC -DPIC conftest.c >&5
cc1: warning: command line option '-std=c++11' is valid for C++/ObjC++ but not for C [enabled by default]
configure:9136: $? = 0
configure:9149: result: yes
configure:9173: checking if gcc static flag -static works
configure:9201: result: no
configure:9216: checking if gcc supports -c -o file.o
configure:9237: gcc -c -pthread -std=c++11 -Wno-deprecated-declarations -m64 -I/cvmfs/lhcb.cern.ch/lib/lcg/releases/LCG_74root6/ROOT/6.02.05/x86_64-slc6-gcc48-opt/include  -o out/conftest2.o conftest.c >&5
cc1: warning: command line option '-std=c++11' is valid for C++/ObjC++ but not for C [enabled by default]
configure:9241: $? = 0
configure:9263: result: yes
configure:9271: checking if gcc supports -c -o file.o
configure:9318: result: yes
configure:9351: checking whether the gcc linker (/usr/bin/ld -m elf_x86_64) supports shared libraries
configure:10425: result: yes
configure:10462: checking whether -lc should be explicitly linked in
configure:10467: gcc -c -pthread -std=c++11 -Wno-deprecated-declarations -m64 -I/cvmfs/lhcb.cern.ch/lib/lcg/releases/LCG_74root6/ROOT/6.02.05/x86_64-slc6-gcc48-opt/include  conftest.c >&5
cc1: warning: command line option '-std=c++11' is valid for C++/ObjC++ but not for C [enabled by default]
configure:10470: $? = 0
configure:10485: gcc -shared conftest.o  -v -Wl,-soname -Wl,conftest -o conftest 2\>\&1 \| /bin/grep  -lc  \>/dev/null 2\>\&1
configure:10488: $? = 0
configure:10500: result: no
configure:10664: checking dynamic linker characteristics
configure:11107: gcc -o conftest -pthread -std=c++11 -Wno-deprecated-declarations -m64 -I/cvmfs/lhcb.cern.ch/lib/lcg/releases/LCG_74root6/ROOT/6.02.05/x86_64-slc6-gcc48-opt/include  -L/cvmfs/lhcb.cern.ch/lib/lcg/releases/LCG_74root6/ROOT/6.02.05/x86_64-slc6-gcc48-opt/lib -lCore -lRIO -lNet -lHist -lGraf -lGraf3d -lGpad -lTree -lRint -lPostscript -lMatrix -lPhysics -lMathCore -lThread -pthread -lm -ldl -rdynamic -Wl,-rpath -Wl,/foo conftest.c  >&5
cc1: warning: command line option '-std=c++11' is valid for C++/ObjC++ but not for C [enabled by default]
configure:11114: $? = 0
configure:11350: result: GNU/Linux ld.so
configure:11452: checking how to hardcode library paths into programs
configure:11477: result: immediate
configure:12310: checking whether stripping libraries is possible
configure:12315: result: yes
configure:12350: checking if libtool supports shared libraries
configure:12352: result: yes
configure:12355: checking whether to build shared libraries
configure:12376: result: yes
configure:12379: checking whether to build static libraries
configure:12383: result: yes
configure:12533: checking for ld used by g++
configure:12600: result: /usr/bin/ld -m elf_x86_64
configure:12609: checking if the linker (/usr/bin/ld -m elf_x86_64) is GNU ld
configure:12624: result: yes
configure:12679: checking whether the g++ linker (/usr/bin/ld -m elf_x86_64) supports shared libraries
configure:13654: result: yes
configure:13682: g++ -c   conftest.cpp >&5
configure:13685: $? = 0
configure:13867: checking for g++ option to produce PIC
configure:14184: result: -fPIC -DPIC
configure:14193: checking if g++ PIC flag -fPIC -DPIC works
configure:14211: g++ -c   -fPIC -DPIC -DPIC conftest.cpp >&5
configure:14215: $? = 0
configure:14228: result: yes
configure:14249: checking if g++ static flag -static works
configure:14277: result: no
configure:14289: checking if g++ supports -c -o file.o
configure:14310: g++ -c   -o out/conftest2.o conftest.cpp >&5
configure:14314: $? = 0
configure:14336: result: yes
configure:14341: checking if g++ supports -c -o file.o
configure:14388: result: yes
configure:14418: checking whether the g++ linker (/usr/bin/ld -m elf_x86_64) supports shared libraries
configure:14444: result: yes
configure:14581: checking dynamic linker characteristics
configure:14972: g++ -o conftest   -L/cvmfs/lhcb.cern.ch/lib/lcg/releases/LCG_74root6/ROOT/6.02.05/x86_64-slc6-gcc48-opt/lib -lCore -lRIO -lNet -lHist -lGraf -lGraf3d -lGpad -lTree -lRint -lPostscript -lMatrix -lPhysics -lMathCore -lThread -pthread -lm -ldl -rdynamic -Wl,-rpath -Wl,/foo conftest.cpp  >&5
configure:14979: $? = 0
configure:15215: result: GNU/Linux ld.so
configure:15266: checking how to hardcode library paths into programs
configure:15291: result: immediate
configure:15349: checking whether make sets $(MAKE)
configure:15371: result: yes
configure:15444: "Building EOS without PMC support"
configure:15493: checking for C++0x support
configure:15521: g++ -c -I/cvmfs/lhcb.cern.ch/lib/lcg/releases/LCG_74root6/ROOT/6.02.05/x86_64-slc6-gcc48-opt/include -I/usr/lib64/openmpi//include  -std=c++0x -Werror  conftest.cpp >&5
configure:15528: $? = 0
configure:15533: result: yes
configure:15551: checking for braced initializers
configure:15575: g++ -c -I/cvmfs/lhcb.cern.ch/lib/lcg/releases/LCG_74root6/ROOT/6.02.05/x86_64-slc6-gcc48-opt/include -I/usr/lib64/openmpi//include  -std=c++0x  conftest.cpp >&5
configure:15582: $? = 0
configure:15587: result: yes
configure:15608: checking for gsl_sf_zeta in -lgsl
configure:15643: g++ -o conftest -I/cvmfs/lhcb.cern.ch/lib/lcg/releases/LCG_74root6/ROOT/6.02.05/x86_64-slc6-gcc48-opt/include -I/usr/lib64/openmpi//include   -L/cvmfs/lhcb.cern.ch/lib/lcg/releases/LCG_74root6/ROOT/6.02.05/x86_64-slc6-gcc48-opt/lib -L/usr/lib64/openmpi//lib -L/cvmfs/lhcb.cern.ch/lib/lcg/releases/LCG_74root6/ROOT/6.02.05/x86_64-slc6-gcc48-opt/lib -lCore -lRIO -lNet -lHist -lGraf -lGraf3d -lGpad -lTree -lRint -lPostscript -lMatrix -lPhysics -lMathCore -lThread -pthread -lm -ldl -rdynamic conftest.cpp -lgsl   -lgslcblas >&5
configure:15650: $? = 0
configure:15671: result: yes
configure:15687: checking for H5open in -lhdf5
configure:15722: g++ -o conftest -I/cvmfs/lhcb.cern.ch/lib/lcg/releases/LCG_74root6/ROOT/6.02.05/x86_64-slc6-gcc48-opt/include -I/usr/lib64/openmpi//include   -L/cvmfs/lhcb.cern.ch/lib/lcg/releases/LCG_74root6/ROOT/6.02.05/x86_64-slc6-gcc48-opt/lib -L/usr/lib64/openmpi//lib -L/cvmfs/lhcb.cern.ch/lib/lcg/releases/LCG_74root6/ROOT/6.02.05/x86_64-slc6-gcc48-opt/lib -lCore -lRIO -lNet -lHist -lGraf -lGraf3d -lGpad -lTree -lRint -lPostscript -lMatrix -lPhysics -lMathCore -lThread -pthread -lm -ldl -rdynamic conftest.cpp -lhdf5  -lgsl  -lgslcblas >&5
configure:15729: $? = 0
configure:15750: result: yes
configure:15927: creating ./config.status

## ---------------------- ##
## Running config.status. ##
## ---------------------- ##

This file was extended by EOS config.status 0.0, which was
generated by GNU Autoconf 2.63.  Invocation command line was

  CONFIG_FILES    = 
  CONFIG_HEADERS  = 
  CONFIG_LINKS    = 
  CONFIG_COMMANDS = 
  $ ./config.status 

on alex-desktop

config.status:1064: creating Makefile
config.status:1064: creating doc/Makefile
config.status:1064: creating eos/Makefile
config.status:1064: creating eos/form-factors/Makefile
config.status:1064: creating eos/rare-b-decays/Makefile
config.status:1064: creating eos/b-decays/Makefile
config.status:1064: creating eos/utils/Makefile
config.status:1064: creating src/Makefile
config.status:1064: creating src/clients/Makefile
config.status:1064: creating test/Makefile
config.status:1064: creating config.h
config.status:1286: config.h is unchanged
config.status:1338: executing depfiles commands
config.status:1338: executing libtool commands

## ---------------- ##
## Cache variables. ##
## ---------------- ##

ac_cv_build=x86_64-unknown-linux-gnu
ac_cv_c_compiler_gnu=yes
ac_cv_cxx_compiler_gnu=yes
ac_cv_env_CCC_set=
ac_cv_env_CCC_value=
ac_cv_env_CC_set=
ac_cv_env_CC_value=
ac_cv_env_CFLAGS_set=set
ac_cv_env_CFLAGS_value='-pthread -std=c++11 -Wno-deprecated-declarations -m64 -I/cvmfs/lhcb.cern.ch/lib/lcg/releases/LCG_74root6/ROOT/6.02.05/x86_64-slc6-gcc48-opt/include'
ac_cv_env_CPPFLAGS_set=
ac_cv_env_CPPFLAGS_value=
ac_cv_env_CPP_set=
ac_cv_env_CPP_value=
ac_cv_env_CXXCPP_set=
ac_cv_env_CXXCPP_value=
ac_cv_env_CXXFLAGS_set=set
ac_cv_env_CXXFLAGS_value=
ac_cv_env_CXX_set=
ac_cv_env_CXX_value=
ac_cv_env_LDFLAGS_set=set
ac_cv_env_LDFLAGS_value='-L/cvmfs/lhcb.cern.ch/lib/lcg/releases/LCG_74root6/ROOT/6.02.05/x86_64-slc6-gcc48-opt/lib -lCore -lRIO -lNet -lHist -lGraf -lGraf3d -lGpad -lTree -lRint -lPostscript -lMatrix -lPhysics -lMathCore -lThread -pthread -lm -ldl -rdynamic'
ac_cv_env_LIBS_set=set
ac_cv_env_LIBS_value=
ac_cv_env_build_alias_set=
ac_cv_env_build_alias_value=
ac_cv_env_host_alias_set=
ac_cv_env_host_alias_value=
ac_cv_env_target_alias_set=
ac_cv_env_target_alias_value=
ac_cv_header_dlfcn_h=yes
ac_cv_header_inttypes_h=yes
ac_cv_header_memory_h=yes
ac_cv_header_stdc=yes
ac_cv_header_stdint_h=yes
ac_cv_header_stdlib_h=yes
ac_cv_header_string_h=yes
ac_cv_header_strings_h=yes
ac_cv_header_sys_stat_h=yes
ac_cv_header_sys_types_h=yes
ac_cv_header_unistd_h=yes
ac_cv_host=x86_64-unknown-linux-gnu
ac_cv_lib_gsl_gsl_sf_zeta=yes
ac_cv_lib_hdf5_H5open=yes
ac_cv_objext=o
ac_cv_path_EGREP='/bin/grep -E'
ac_cv_path_FGREP='/bin/grep -F'
ac_cv_path_GREP=/bin/grep
ac_cv_path_SED=/bin/sed
ac_cv_path_install='/usr/bin/install -c'
ac_cv_path_mkdir=/bin/mkdir
ac_cv_prog_AWK=gawk
ac_cv_prog_CPP='gcc -E'
ac_cv_prog_CXXCPP='g++ -E'
ac_cv_prog_ac_ct_AR=ar
ac_cv_prog_ac_ct_CC=gcc
ac_cv_prog_ac_ct_CXX=g++
ac_cv_prog_ac_ct_OBJDUMP=objdump
ac_cv_prog_ac_ct_RANLIB=ranlib
ac_cv_prog_ac_ct_STRIP=strip
ac_cv_prog_cc_c89=
ac_cv_prog_cc_g=yes
ac_cv_prog_cxx_g=yes
ac_cv_prog_make_make_set=yes
am_cv_CC_dependencies_compiler_type=gcc3
am_cv_CXX_dependencies_compiler_type=gcc3
lt_cv_deplibs_check_method=pass_all
lt_cv_file_magic_cmd='$MAGIC_CMD'
lt_cv_file_magic_test_file=
lt_cv_ld_reload_flag=-r
lt_cv_nm_interface='BSD nm'
lt_cv_objdir=.libs
lt_cv_path_LD=/usr/bin/ld
lt_cv_path_LDCXX='/usr/bin/ld -m elf_x86_64'
lt_cv_path_NM='/usr/bin/nm -B'
lt_cv_prog_compiler_c_o=yes
lt_cv_prog_compiler_c_o_CXX=yes
lt_cv_prog_compiler_pic_works=yes
lt_cv_prog_compiler_pic_works_CXX=yes
lt_cv_prog_compiler_rtti_exceptions=no
lt_cv_prog_compiler_static_works=no
lt_cv_prog_compiler_static_works_CXX=no
lt_cv_prog_gnu_ld=yes
lt_cv_prog_gnu_ldcxx=yes
lt_cv_sys_global_symbol_pipe='sed -n -e '\''s/^.*[	 ]\([ABCDGIRSTW][ABCDGIRSTW]*\)[	 ][	 ]*\([_A-Za-z][_A-Za-z0-9]*\)$/\1 \2 \2/p'\'''
lt_cv_sys_global_symbol_to_c_name_address='sed -n -e '\''s/^: \([^ ]*\) $/  {\"\1\", (void *) 0},/p'\'' -e '\''s/^[ABCDGIRSTW]* \([^ ]*\) \([^ ]*\)$/  {"\2", (void *) \&\2},/p'\'''
lt_cv_sys_global_symbol_to_c_name_address_lib_prefix='sed -n -e '\''s/^: \([^ ]*\) $/  {\"\1\", (void *) 0},/p'\'' -e '\''s/^[ABCDGIRSTW]* \([^ ]*\) \(lib[^ ]*\)$/  {"\2", (void *) \&\2},/p'\'' -e '\''s/^[ABCDGIRSTW]* \([^ ]*\) \([^ ]*\)$/  {"lib\2", (void *) \&\2},/p'\'''
lt_cv_sys_global_symbol_to_cdecl='sed -n -e '\''s/^T .* \(.*\)$/extern int \1();/p'\'' -e '\''s/^[ABCDGIRSTW]* .* \(.*\)$/extern char \1;/p'\'''
lt_cv_sys_max_cmd_len=1966080

## ----------------- ##
## Output variables. ##
## ----------------- ##

ACLOCAL='${SHELL} /home/alexshires/EOS/eos-next/config/missing --run aclocal-1.11'
AMDEPBACKSLASH='\'
AMDEP_FALSE='#'
AMDEP_TRUE=''
AMTAR='${SHELL} /home/alexshires/EOS/eos-next/config/missing --run tar'
AR='ar'
AUTOCONF='${SHELL} /home/alexshires/EOS/eos-next/config/missing --run autoconf'
AUTOHEADER='${SHELL} /home/alexshires/EOS/eos-next/config/missing --run autoheader'
AUTOMAKE='${SHELL} /home/alexshires/EOS/eos-next/config/missing --run automake-1.11'
AWK='gawk'
CC='gcc'
CCDEPMODE='depmode=gcc3'
CFLAGS='-pthread -std=c++11 -Wno-deprecated-declarations -m64 -I/cvmfs/lhcb.cern.ch/lib/lcg/releases/LCG_74root6/ROOT/6.02.05/x86_64-slc6-gcc48-opt/include'
CPP='gcc -E'
CPPFLAGS=''
CXX='g++'
CXXCPP='g++ -E'
CXXDEPMODE='depmode=gcc3'
CXXFLAGS='-I/cvmfs/lhcb.cern.ch/lib/lcg/releases/LCG_74root6/ROOT/6.02.05/x86_64-slc6-gcc48-opt/include -I/usr/lib64/openmpi//include '
CYGPATH_W='echo'
DEFS='-DHAVE_CONFIG_H'
DEPDIR='.deps'
DSYMUTIL=''
DUMPBIN=''
ECHO_C=''
ECHO_N='-n'
ECHO_T=''
EGREP='/bin/grep -E'
EOS_ENABLE_PMC_FALSE=''
EOS_ENABLE_PMC_TRUE='#'
EXEEXT=''
FGREP='/bin/grep -F'
GITHEAD='0.0'
GREP='/bin/grep'
INSTALL_DATA='${INSTALL} -m 644'
INSTALL_PROGRAM='${INSTALL}'
INSTALL_SCRIPT='${INSTALL}'
INSTALL_STRIP_PROGRAM='$(install_sh) -c -s'
LD='/usr/bin/ld -m elf_x86_64'
LDFLAGS='-L/cvmfs/lhcb.cern.ch/lib/lcg/releases/LCG_74root6/ROOT/6.02.05/x86_64-slc6-gcc48-opt/lib -L/usr/lib64/openmpi//lib -L/cvmfs/lhcb.cern.ch/lib/lcg/releases/LCG_74root6/ROOT/6.02.05/x86_64-slc6-gcc48-opt/lib -lCore -lRIO -lNet -lHist -lGraf -lGraf3d -lGpad -lTree -lRint -lPostscript -lMatrix -lPhysics -lMathCore -lThread -pthread -lm -ldl -rdynamic'
LIBOBJS=''
LIBS=''
LIBTOOL='$(SHELL) $(top_builddir)/libtool'
LIPO=''
LN_S='ln -s'
LTLIBOBJS=''
MAKEINFO='${SHELL} /home/alexshires/EOS/eos-next/config/missing --run makeinfo'
MKDIR_P='/bin/mkdir -p'
NM='/usr/bin/nm -B'
NMEDIT=''
OBJDUMP='objdump'
OBJEXT='o'
OTOOL64=''
OTOOL=''
PACKAGE='eos'
PACKAGE_BUGREPORT=''
PACKAGE_NAME='EOS'
PACKAGE_STRING='EOS 0.0'
PACKAGE_TARNAME='eos'
PACKAGE_VERSION='0.0'
PATH_SEPARATOR=':'
RANLIB='ranlib'
SED='/bin/sed'
SET_MAKE=''
SHELL='/bin/sh'
STRIP='strip'
VERSION='0.0'
ac_ct_CC='gcc'
ac_ct_CXX='g++'
ac_ct_DUMPBIN=''
am__EXEEXT_FALSE=''
am__EXEEXT_TRUE='#'
am__fastdepCC_FALSE='#'
am__fastdepCC_TRUE=''
am__fastdepCXX_FALSE='#'
am__fastdepCXX_TRUE=''
am__include='include'
am__isrc=''
am__leading_dot='.'
am__quote=''
am__tar='${AMTAR} chof - "$$tardir"'
am__untar='${AMTAR} xf -'
bindir='${exec_prefix}/bin'
build='x86_64-unknown-linux-gnu'
build_alias=''
build_cpu='x86_64'
build_os='linux-gnu'
build_vendor='unknown'
datadir='${datarootdir}'
datarootdir='${prefix}/share'
docdir='${datarootdir}/doc/${PACKAGE_TARNAME}'
dvidir='${docdir}'
exec_prefix='${prefix}'
host='x86_64-unknown-linux-gnu'
host_alias=''
host_cpu='x86_64'
host_os='linux-gnu'
host_vendor='unknown'
htmldir='${docdir}'
includedir='${prefix}/include'
infodir='${datarootdir}/info'
install_sh='${SHELL} /home/alexshires/EOS/eos-next/config/install-sh'
libdir='${exec_prefix}/lib'
libexecdir='${exec_prefix}/libexec'
localedir='${datarootdir}/locale'
localstatedir='${prefix}/var'
lt_ECHO='echo'
mandir='${datarootdir}/man'
mkdir_p='/bin/mkdir -p'
oldincludedir='/usr/include'
pdfdir='${docdir}'
prefix='/usr/local'
program_transform_name='s,x,x,'
psdir='${docdir}'
sbindir='${exec_prefix}/sbin'
sharedstatedir='${prefix}/com'
sysconfdir='${prefix}/etc'
target_alias=''

## ----------- ##
## confdefs.h. ##
## ----------- ##

#define PACKAGE_NAME "EOS"
#define PACKAGE_TARNAME "eos"
#define PACKAGE_VERSION "0.0"
#define PACKAGE_STRING "EOS 0.0"
#define PACKAGE_BUGREPORT ""
#define PACKAGE "eos"
#define VERSION "0.0"
#define STDC_HEADERS 1
#define HAVE_SYS_TYPES_H 1
#define HAVE_SYS_STAT_H 1
#define HAVE_STDLIB_H 1
#define HAVE_STRING_H 1
#define HAVE_MEMORY_H 1
#define HAVE_STRINGS_H 1
#define HAVE_INTTYPES_H 1
#define HAVE_STDINT_H 1
#define HAVE_UNISTD_H 1
#define HAVE_DLFCN_H 1
#define LT_OBJDIR ".libs/"
#define EOS_GITHEAD "0.0"
#define HAVE_LIBGSL 1
#define HAVE_LIBHDF5 1
#define EOS_BUILDDIR "/home/alexshires/EOS/eos-next"
#define EOS_SRCDIR "/home/alexshires/EOS/eos-next"

configure: exit 0

## ---------------------- ##
## Running config.status. ##
## ---------------------- ##

This file was extended by EOS config.status 0.0, which was
generated by GNU Autoconf 2.63.  Invocation command line was

  CONFIG_FILES    = 
  CONFIG_HEADERS  = 
  CONFIG_LINKS    = 
  CONFIG_COMMANDS = 
  $ ./config.status eos/rare-b-decays/Makefile depfiles

on alex-desktop

config.status:1064: creating eos/rare-b-decays/Makefile
config.status:1338: executing depfiles commands

## ---------------------- ##
## Running config.status. ##
## ---------------------- ##

This file was extended by EOS config.status 0.0, which was
generated by GNU Autoconf 2.63.  Invocation command line was

  CONFIG_FILES    = 
  CONFIG_HEADERS  = 
  CONFIG_LINKS    = 
  CONFIG_COMMANDS = 
  $ ./config.status eos/rare-b-decays/Makefile depfiles

on alex-desktop

config.status:1064: creating eos/rare-b-decays/Makefile
config.status:1338: executing depfiles commands
